<?xml version="1.0" encoding="UTF-8"?>
<testsuites>
  <testsuite name="CodeIgniter Application Test Suite" tests="3" assertions="3" failures="1" errors="0" time="0.791411">
    <testsuite name="Welcome_test" file="C:\xampp\htdocs\Dev_StageEric\questionnaireJean\application\tests\controllers\Welcome_test.php" tests="3" assertions="3" failures="1" errors="0" time="0.791411">
      <testcase name="test_index" class="Welcome_test" file="C:\xampp\htdocs\Dev_StageEric\questionnaireJean\application\tests\controllers\Welcome_test.php" line="13" assertions="1" time="0.493156">
        <failure type="PHPUnit_Framework_ExpectationFailedException">Welcome_test::test_index
Failed asserting that 'Unable to load the requested file: pages/webpageView.php' contains "&lt;title&gt;Welcome to CodeIgniter&lt;/title&gt;".

C:\xampp\htdocs\Dev_StageEric\questionnaireJean\application\tests\controllers\Welcome_test.php:16
</failure>
      </testcase>
      <testcase name="test_method_404" class="Welcome_test" file="C:\xampp\htdocs\Dev_StageEric\questionnaireJean\application\tests\controllers\Welcome_test.php" line="19" assertions="1" time="0.236018"/>
      <testcase name="test_APPPATH" class="Welcome_test" file="C:\xampp\htdocs\Dev_StageEric\questionnaireJean\application\tests\controllers\Welcome_test.php" line="25" assertions="1" time="0.062237"/>
    </testsuite>
  </testsuite>
</testsuites>
